# JRE version: OpenJDK Runtime Environment (7.0_40-b31) (build 1.7.0_40-b31)
# Java VM: OpenJDK 64-Bit Server VM (24.0-b50 mixed mode linux-amd64 compressed oops)
Heap
 PSYoungGen      total 135680K, used 10365K [0x00000000f5500000, 0x00000000ffc80000, 0x0000000100000000)
  eden space 102912K, 10% used [0x00000000f5500000,0x00000000f5f1f798,0x00000000fb980000)
  from space 32768K, 0% used [0x00000000fdc80000,0x00000000fdc80000,0x00000000ffc80000)
  to   space 34304K, 0% used [0x00000000fb980000,0x00000000fb980000,0x00000000fdb00000)
 ParOldGen       total 89600K, used 72769K [0x00000000e0000000, 0x00000000e5780000, 0x00000000f5500000)
  object space 89600K, 81% used [0x00000000e0000000,0x00000000e4710720,0x00000000e5780000)
 PSPermGen       total 112128K, used 77393K [0x00000000d0000000, 0x00000000d6d80000, 0x00000000e0000000)
  object space 112128K, 69% used [0x00000000d0000000,0x00000000d4b94648,0x00000000d6d80000)
GC Heap History (10 events):
Event: 274.019 GC heap before
{Heap before GC invocations=21 (full 6):
 PSYoungGen      total 126976K, used 4272K [0x00000000f5500000, 0x0000000100000000, 0x0000000100000000)
  eden space 88576K, 0% used [0x00000000f5500000,0x00000000f5500000,0x00000000fab80000)
  from space 38400K, 11% used [0x00000000fab80000,0x00000000fafac370,0x00000000fd100000)
  to   space 37376K, 0% used [0x00000000fdb80000,0x00000000fdb80000,0x0000000100000000)
 ParOldGen       total 89600K, used 72233K [0x00000000e0000000, 0x00000000e5780000, 0x00000000f5500000)
  object space 89600K, 80% used [0x00000000e0000000,0x00000000e468a4d0,0x00000000e5780000)
 PSPermGen       total 112640K, used 76156K [0x00000000d0000000, 0x00000000d6e00000, 0x00000000e0000000)
  object space 112640K, 67% used [0x00000000d0000000,0x00000000d4a5f368,0x00000000d6e00000)
Event: 274.313 GC heap after
Heap after GC invocations=21 (full 6):
 PSYoungGen      total 126976K, used 0K [0x00000000f5500000, 0x0000000100000000, 0x0000000100000000)
  eden space 88576K, 0% used [0x00000000f5500000,0x00000000f5500000,0x00000000fab80000)
  from space 38400K, 0% used [0x00000000fab80000,0x00000000fab80000,0x00000000fd100000)
  to   space 37376K, 0% used [0x00000000fdb80000,0x00000000fdb80000,0x0000000100000000)
 ParOldGen       total 89600K, used 71941K [0x00000000e0000000, 0x00000000e5780000, 0x00000000f5500000)
  object space 89600K, 80% used [0x00000000e0000000,0x00000000e4641750,0x00000000e5780000)
 PSPermGen       total 113152K, used 76149K [0x00000000d0000000, 0x00000000d6e80000, 0x00000000e0000000)
  object space 113152K, 67% used [0x00000000d0000000,0x00000000d4a5d6b8,0x00000000d6e80000)
}
Event: 305.821 GC heap before
{Heap before GC invocations=22 (full 6):
 PSYoungGen      total 126976K, used 88576K [0x00000000f5500000, 0x0000000100000000, 0x0000000100000000)
  eden space 88576K, 100% used [0x00000000f5500000,0x00000000fab80000,0x00000000fab80000)
  from space 38400K, 0% used [0x00000000fab80000,0x00000000fab80000,0x00000000fd100000)
  to   space 37376K, 0% used [0x00000000fdb80000,0x00000000fdb80000,0x0000000100000000)
 ParOldGen       total 89600K, used 71941K [0x00000000e0000000, 0x00000000e5780000, 0x00000000f5500000)
  object space 89600K, 80% used [0x00000000e0000000,0x00000000e4641750,0x00000000e5780000)
 PSPermGen       total 113152K, used 76574K [0x00000000d0000000, 0x00000000d6e80000, 0x00000000e0000000)
  object space 113152K, 67% used [0x00000000d0000000,0x00000000d4ac78d0,0x00000000d6e80000)
Event: 305.828 GC heap after
Heap after GC invocations=22 (full 6):
 PSYoungGen      total 134656K, used 2704K [0x00000000f5500000, 0x00000000ffe00000, 0x0000000100000000)
  eden space 99328K, 0% used [0x00000000f5500000,0x00000000f5500000,0x00000000fb600000)
  from space 35328K, 7% used [0x00000000fdb80000,0x00000000fde24030,0x00000000ffe00000)
  to   space 36864K, 0% used [0x00000000fb600000,0x00000000fb600000,0x00000000fda00000)
 ParOldGen       total 89600K, used 72013K [0x00000000e0000000, 0x00000000e5780000, 0x00000000f5500000)
  object space 89600K, 80% used [0x00000000e0000000,0x00000000e4653760,0x00000000e5780000)
 PSPermGen       total 113152K, used 76574K [0x00000000d0000000, 0x00000000d6e80000, 0x00000000e0000000)
  object space 113152K, 67% used [0x00000000d0000000,0x00000000d4ac78d0,0x00000000d6e80000)
}
Event: 333.196 GC heap before
{Heap before GC invocations=23 (full 6):
 PSYoungGen      total 134656K, used 102032K [0x00000000f5500000, 0x00000000ffe00000, 0x0000000100000000)
  eden space 99328K, 100% used [0x00000000f5500000,0x00000000fb600000,0x00000000fb600000)
  from space 35328K, 7% used [0x00000000fdb80000,0x00000000fde24030,0x00000000ffe00000)
  to   space 36864K, 0% used [0x00000000fb600000,0x00000000fb600000,0x00000000fda00000)
 ParOldGen       total 89600K, used 72013K [0x00000000e0000000, 0x00000000e5780000, 0x00000000f5500000)
  object space 89600K, 80% used [0x00000000e0000000,0x00000000e4653760,0x00000000e5780000)
 PSPermGen       total 113152K, used 77052K [0x00000000d0000000, 0x00000000d6e80000, 0x00000000e0000000)
  object space 113152K, 68% used [0x00000000d0000000,0x00000000d4b3f1f8,0x00000000d6e80000)
Event: 333.205 GC heap after
Heap after GC invocations=23 (full 6):
 PSYoungGen      total 136192K, used 3598K [0x00000000f5500000, 0x00000000fff80000, 0x0000000100000000)
  eden space 99328K, 0% used [0x00000000f5500000,0x00000000f5500000,0x00000000fb600000)
  from space 36864K, 9% used [0x00000000fb600000,0x00000000fb9838b0,0x00000000fda00000)
  to   space 35840K, 0% used [0x00000000fdc80000,0x00000000fdc80000,0x00000000fff80000)
 ParOldGen       total 89600K, used 72013K [0x00000000e0000000, 0x00000000e5780000, 0x00000000f5500000)
  object space 89600K, 80% used [0x00000000e0000000,0x00000000e4653760,0x00000000e5780000)
 PSPermGen       total 113152K, used 77052K [0x00000000d0000000, 0x00000000d6e80000, 0x00000000e0000000)
  object space 113152K, 68% used [0x00000000d0000000,0x00000000d4b3f1f8,0x00000000d6e80000)
}
Event: 340.482 GC heap before
{Heap before GC invocations=24 (full 6):
 PSYoungGen      total 136192K, used 15759K [0x00000000f5500000, 0x00000000fff80000, 0x0000000100000000)
  eden space 99328K, 12% used [0x00000000f5500000,0x00000000f60e0500,0x00000000fb600000)
  from space 36864K, 9% used [0x00000000fb600000,0x00000000fb9838b0,0x00000000fda00000)
  to   space 35840K, 0% used [0x00000000fdc80000,0x00000000fdc80000,0x00000000fff80000)
 ParOldGen       total 89600K, used 72013K [0x00000000e0000000, 0x00000000e5780000, 0x00000000f5500000)
  object space 89600K, 80% used [0x00000000e0000000,0x00000000e4653760,0x00000000e5780000)
 PSPermGen       total 113152K, used 77208K [0x00000000d0000000, 0x00000000d6e80000, 0x00000000e0000000)
  object space 113152K, 68% used [0x00000000d0000000,0x00000000d4b66100,0x00000000d6e80000)
Event: 340.489 GC heap after
Heap after GC invocations=24 (full 6):
 PSYoungGen      total 135680K, used 3488K [0x00000000f5500000, 0x00000000ffc80000, 0x0000000100000000)
  eden space 102912K, 0% used [0x00000000f5500000,0x00000000f5500000,0x00000000fb980000)
  from space 32768K, 10% used [0x00000000fdc80000,0x00000000fdfe8010,0x00000000ffc80000)
  to   space 34304K, 0% used [0x00000000fb980000,0x00000000fb980000,0x00000000fdb00000)
 ParOldGen       total 89600K, used 72013K [0x00000000e0000000, 0x00000000e5780000, 0x00000000f5500000)
  object space 89600K, 80% used [0x00000000e0000000,0x00000000e4653760,0x00000000e5780000)
 PSPermGen       total 113152K, used 77208K [0x00000000d0000000, 0x00000000d6e80000, 0x00000000e0000000)
  object space 113152K, 68% used [0x00000000d0000000,0x00000000d4b66100,0x00000000d6e80000)
}
Event: 340.489 GC heap before
{Heap before GC invocations=25 (full 7):
 PSYoungGen      total 135680K, used 3488K [0x00000000f5500000, 0x00000000ffc80000, 0x0000000100000000)
  eden space 102912K, 0% used [0x00000000f5500000,0x00000000f5500000,0x00000000fb980000)
  from space 32768K, 10% used [0x00000000fdc80000,0x00000000fdfe8010,0x00000000ffc80000)
  to   space 34304K, 0% used [0x00000000fb980000,0x00000000fb980000,0x00000000fdb00000)
 ParOldGen       total 89600K, used 72013K [0x00000000e0000000, 0x00000000e5780000, 0x00000000f5500000)
  object space 89600K, 80% used [0x00000000e0000000,0x00000000e4653760,0x00000000e5780000)
 PSPermGen       total 113152K, used 77208K [0x00000000d0000000, 0x00000000d6e80000, 0x00000000e0000000)
  object space 113152K, 68% used [0x00000000d0000000,0x00000000d4b66100,0x00000000d6e80000)
Event: 340.823 GC heap after
Heap after GC invocations=25 (full 7):
 PSYoungGen      total 135680K, used 0K [0x00000000f5500000, 0x00000000ffc80000, 0x0000000100000000)
  eden space 102912K, 0% used [0x00000000f5500000,0x00000000f5500000,0x00000000fb980000)
  from space 32768K, 0% used [0x00000000fdc80000,0x00000000fdc80000,0x00000000ffc80000)
  to   space 34304K, 0% used [0x00000000fb980000,0x00000000fb980000,0x00000000fdb00000)
 ParOldGen       total 89600K, used 72769K [0x00000000e0000000, 0x00000000e5780000, 0x00000000f5500000)
  object space 89600K, 81% used [0x00000000e0000000,0x00000000e4710720,0x00000000e5780000)
 PSPermGen       total 112128K, used 77205K [0x00000000d0000000, 0x00000000d6d80000, 0x00000000e0000000)
  object space 112128K, 68% used [0x00000000d0000000,0x00000000d4b65478,0x00000000d6d80000)
}

